<?xml version="1.0" encoding="UTF-8"?>
<testsuites>
    <testsuite name="visualizing-weather-on-weatherman-app;visualizing-temperature-of-current-location" tests="3" failures="0" skipped="0">
        <properties>
            <property name="URI" value="/Users/beckchen/Projects/weatherman/client/test/features/weather-page.feature">
            </property>
        </properties>
        <testcase name="Given I am on the weatherman app" classname="visualizing-weather-on-weatherman-app;visualizing-temperature-of-current-location" time="6.363156905">
        </testcase>
        <testcase name="Then I should see the current temperature" classname="visualizing-weather-on-weatherman-app;visualizing-temperature-of-current-location" time="0.03501209">
        </testcase>
        <testcase name="And I should see the current location" classname="visualizing-weather-on-weatherman-app;visualizing-temperature-of-current-location" time="0.042806738">
        </testcase>
    </testsuite>
    <testsuite name="visualizing-weather-on-weatherman-app;searching-for-weather-at-different-location" tests="3" failures="0" skipped="0">
        <properties>
            <property name="URI" value="/Users/beckchen/Projects/weatherman/client/test/features/weather-page.feature">
            </property>
        </properties>
        <testcase name="Given I am on the weatherman app" classname="visualizing-weather-on-weatherman-app;searching-for-weather-at-different-location" time="5.944494342">
        </testcase>
        <testcase name="When I search for the location &quot;Chicago&quot;" classname="visualizing-weather-on-weatherman-app;searching-for-weather-at-different-location" time="0.349446752">
        </testcase>
        <testcase name="Then I should see the location updated to &quot;Chicago, United States&quot;" classname="visualizing-weather-on-weatherman-app;searching-for-weather-at-different-location" time="0.040165324">
        </testcase>
    </testsuite>
    <testsuite name="visualizing-weather-on-weatherman-app;refreshing-data-on-weatherman" tests="5" failures="0" skipped="0">
        <properties>
            <property name="URI" value="/Users/beckchen/Projects/weatherman/client/test/features/weather-page.feature">
            </property>
        </properties>
        <testcase name="Given I am on the weatherman app" classname="visualizing-weather-on-weatherman-app;refreshing-data-on-weatherman" time="5.92051806">
        </testcase>
        <testcase name="When I search for the location &quot;Abu Dhabi&quot;" classname="visualizing-weather-on-weatherman-app;refreshing-data-on-weatherman" time="0.334261923">
        </testcase>
        <testcase name="Then I should see the location updated to &quot;Abu Dhabi, United Arab Emirates&quot;" classname="visualizing-weather-on-weatherman-app;refreshing-data-on-weatherman" time="0.038646621">
        </testcase>
        <testcase name="When I drag down to refresh" classname="visualizing-weather-on-weatherman-app;refreshing-data-on-weatherman" time="2.240818639">
        </testcase>
        <testcase name="Then I should see the location not equal to &quot;Abu Dhabi, United Arab Emirates&quot;" classname="visualizing-weather-on-weatherman-app;refreshing-data-on-weatherman" time="0.02096679">
        </testcase>
    </testsuite>
</testsuites>